<?xml version="1.0" encoding="UTF-8"?>
<!-- Generated by org.testng.reporters.JUnitXMLReporter -->
<testsuite ignored="0" hostname="DESKTOP-M95IVCH" failures="3" tests="10" name="Surefire test" time="20.916" errors="0" timestamp="2023-06-30T23:36:29 IST">
  <testcase classname="api.tests.DDTests" name="testPostUser" time="4.137"/>
  <testcase classname="api.tests.DDTests" name="testPostUser" time="1.486"/>
  <testcase classname="api.tests.DDTests" name="testPostUser" time="1.293"/>
  <testcase classname="api.tests.DDTests" name="testDeleteUser" time="1.509">
    <failure type="java.lang.AssertionError" message="expected [200] but found [404]">
      <![CDATA[java.lang.AssertionError: expected [200] but found [404]
at api.tests.DDTests.testDeleteUser(DDTests.java:32)
at java.base/java.util.ArrayList.forEach(ArrayList.java:1541)
... Removed 39 stack frames]]>
    </failure>
  </testcase> <!-- testDeleteUser -->
  <testcase classname="api.tests.DDTests" name="testDeleteUser" time="1.346">
    <failure type="java.lang.AssertionError" message="expected [200] but found [404]">
      <![CDATA[java.lang.AssertionError: expected [200] but found [404]
at api.tests.DDTests.testDeleteUser(DDTests.java:32)
at java.base/java.util.ArrayList.forEach(ArrayList.java:1541)
... Removed 39 stack frames]]>
    </failure>
  </testcase> <!-- testDeleteUser -->
  <testcase classname="api.tests.DDTests" name="testDeleteUser" time="1.352">
    <failure type="java.lang.AssertionError" message="expected [200] but found [404]">
      <![CDATA[java.lang.AssertionError: expected [200] but found [404]
at api.tests.DDTests.testDeleteUser(DDTests.java:32)
at java.base/java.util.ArrayList.forEach(ArrayList.java:1541)
... Removed 39 stack frames]]>
    </failure>
  </testcase> <!-- testDeleteUser -->
  <testcase classname="api.tests.userTests" name="testPostUser" time="1.401"/>
  <testcase classname="api.tests.userTests" name="testGetUser" time="1.357"/>
  <testcase classname="api.tests.userTests" name="testUpdateUser" time="2.69"/>
  <testcase classname="api.tests.userTests" name="testDeleteUser" time="1.285"/>
</testsuite> <!-- Surefire test -->
